
@----------------------------------------------------------@
|        PLINK!       |     v1.07      |   10/Aug/2009     |
|----------------------------------------------------------|
|  (C) 2009 Shaun Purcell, GNU General Public License, v2  |
|----------------------------------------------------------|
|  For documentation, citation & bug-report instructions:  |
|        http://pngu.mgh.harvard.edu/purcell/plink/        |
@----------------------------------------------------------@

Web-based version check ( --noweb to skip )
Recent cached web-check found... OK, v1.07 is current

Writing this text to log file [ H938_Euro.LDprune.log ]
Analysis started: Fri Sep 21 18:16:17 2012

Options in effect:
	--bfile H938_Euro
	--extract plink.prune.in
	--make-bed
	--out H938_Euro.LDprune

** For gPLINK compatibility, do not use '.' in --out **
Reading map (extended format) from [ H938_Euro.bim ] 
659276 markers to be included from [ H938_Euro.bim ]
Reading pedigree information from [ H938_Euro.fam ] 
124 individuals read from [ H938_Euro.fam ] 
0 individuals with nonmissing phenotypes
Assuming a disease phenotype (1=unaff, 2=aff, 0=miss)
Missing phenotype value is also -9
0 cases, 0 controls and 124 missing
65 males, 59 females, and 0 of unspecified sex
Reading genotype bitfile from [ H938_Euro.bed ] 
Detected that binary PED file is v1.00 SNP-major mode
Reading list of SNPs to extract [ plink.prune.in ] ... 63439 read
Before frequency and genotyping pruning, there are 63439 SNPs
124 founders and 0 non-founders found
7 heterozygous haploid genotypes; set to missing
Writing list of heterozygous haploid genotypes to [ H938_Euro.LDprune.hh ]
Total genotyping rate in remaining individuals is 0.999113
0 SNPs failed missingness test ( GENO > 1 )
0 SNPs failed frequency test ( MAF < 0 )
After frequency and genotyping pruning, there are 63439 SNPs
After filtering, 0 cases, 0 controls and 124 missing
After filtering, 65 males, 59 females, and 0 of unspecified sex
Writing pedigree information to [ H938_Euro.LDprune.fam ] 
Writing map (extended format) information to [ H938_Euro.LDprune.bim ] 
Writing genotype bitfile to [ H938_Euro.LDprune.bed ] 
Using (default) SNP-major mode

Analysis finished: Fri Sep 21 18:16:46 2012

